app/build/intermediates/manifest_merge_blame_file/debug/manifest-merger-blame-debug-report.txt
1<?xml version="1.0" encoding="utf-8"?>
2<manifest xmlns:android="http://schemas.android.com/apk/res/android"
3    package="com.example.app"
4    android:versionCode="1"
5    android:versionName="1.0" >
6
7    <uses-sdk
8        android:minSdkVersion="21"
8-->src/main/AndroidManifest.xml
9        android:targetSdkVersion="31" />
9-->src/main/AndroidManifest.xml
10
11    <uses-permission android:name="android.permission.INTERNET" />
11-->src/main/AndroidManifest.xml:6:5-67
11-->src/main/AndroidManifest.xml:6:22-64
12
13    <application
13-->src/main/AndroidManifest.xml:7:5-23:19
14        android:allowBackup="true"
14-->src/main/AndroidManifest.xml:9:9-35
15        android:debuggable="true"
16        android:icon="@mipmap/ic_launcher"
16-->src/main/AndroidManifest.xml:10:9-43
17        android:label="@string/app_name"
17-->src/main/AndroidManifest.xml:11:9-41
18        android:testOnly="true"
19        android:theme="@style/AppTheme"
19-->src/main/AndroidManifest.xml:12:9-40
20        android:usesCleartextTraffic="true" >
20-->src/main/AndroidManifest.xml:8:9-44
21        <activity
21-->src/main/AndroidManifest.xml:14:9-22:20
22            android:name="com.example.app.MainActivity"
22-->src/main/AndroidManifest.xml:16:13-56
23            android:configChanges="orientation|screenSize"
23-->src/main/AndroidManifest.xml:15:13-59
24            android:exported="true" >
24-->src/main/AndroidManifest.xml:17:13-36
25            <intent-filter>
25-->src/main/AndroidManifest.xml:18:13-21:29
26                <action android:name="android.intent.action.MAIN" />
26-->src/main/AndroidManifest.xml:19:17-69
26-->src/main/AndroidManifest.xml:19:25-66
27
28                <category android:name="android.intent.category.LAUNCHER" />
28-->src/main/AndroidManifest.xml:20:17-77
28-->src/main/AndroidManifest.xml:20:27-74
29            </intent-filter>
30        </activity>
31    </application>
32
33</manifest>